<?xml version="1.0" encoding="UTF-8"?>
<testsuite xmlns:xsi="http://www.w3.org/2001/XMLSchema-instance" xsi:noNamespaceSchemaLocation="https://maven.apache.org/surefire/maven-surefire-plugin/xsd/surefire-test-report-3.0.xsd" version="3.0" name="WWSIS.Microblog.dao.TestPostDaoImpl" time="0.003" tests="1" errors="0" skipped="0" failures="1">
  <properties>
[...]
</properties>
  <testcase name="test" classname="WWSIS.Microblog.dao.TestPostDaoImpl" time="0.001">
    <failure type="org.opentest4j.AssertionFailedError"><![CDATA[org.opentest4j.AssertionFailedError: Not yet implemented
	at WWSIS.Microblog.dao.TestPostDaoImpl.test(TestPostDaoImpl.java:11)
]]></failure>
  </testcase>
</testsuite>