-------------------------------------------------------------------------------
Test set: WWSIS.Microblog.dao.TestFollowerDaoImpl
-------------------------------------------------------------------------------
Tests run: 1, Failures: 1, Errors: 0, Skipped: 0, Time elapsed: 0.082 s <<< FAILURE! - in WWSIS.Microblog.dao.TestFollowerDaoImpl
WWSIS.Microblog.dao.TestFollowerDaoImpl.test  Time elapsed: 0.048 s  <<< FAILURE!
org.opentest4j.AssertionFailedError: Not yet implemented
	at WWSIS.Microblog.dao.TestFollowerDaoImpl.test(TestFollowerDaoImpl.java:11)

